2021-05-23 20:01:57:157 [32minfo[39m: [32mServer listening on port: 3000[39m
2021-05-23 20:01:59:159 [32minfo[39m: [32mDatabase is connected[39m
2021-05-23 20:05:54:554 [35mhttp[39m: [35mGET /details 200 2 - 4.874 ms[39m
[35m[39m
2021-05-23 20:06:14:614 [35mhttp[39m: [35mGET /details 200 2 - 0.828 ms[39m
[35m[39m
2021-05-23 20:06:32:632 [35mhttp[39m: [35mGET /details 200 2 - 0.600 ms[39m
[35m[39m
2021-05-23 20:08:10:810 [35mhttp[39m: [35mGET /details 200 2 - 0.772 ms[39m
[35m[39m
2021-05-23 20:08:11:811 [35mhttp[39m: [35mGET /favicon.ico 404 150 - 2.343 ms[39m
[35m[39m
2021-05-23 20:11:07:117 [32minfo[39m: [32mServer listening on port: 3000[39m
2021-05-23 20:11:09:119 [32minfo[39m: [32mDatabase is connected[39m
2021-05-23 20:21:59:2159 [32minfo[39m: [32mServer listening on port: 3000[39m
2021-05-23 20:22:02:222 [32minfo[39m: [32mDatabase is connected[39m
2021-05-23 20:23:13:2313 [32minfo[39m: [32mServer listening on port: 3000[39m
2021-05-23 20:23:14:2314 [32minfo[39m: [32mDatabase is connected[39m
2021-05-23 20:23:36:2336 [35mhttp[39m: [35mGET /details 200 2 - 31.859 ms[39m
[35m[39m
2021-05-23 20:26:25:2625 [32minfo[39m: [32mServer listening on port: 3000[39m
2021-05-23 20:26:27:2627 [32minfo[39m: [32mDatabase is connected[39m
2021-05-23 20:27:30:2730 [32minfo[39m: [32mServer listening on port: 3000[39m
2021-05-23 20:27:32:2732 [32minfo[39m: [32mDatabase is connected[39m
2021-05-23 20:28:41:2841 [32minfo[39m: [32mServer listening on port: 3000[39m
2021-05-23 20:28:43:2843 [32minfo[39m: [32mDatabase is connected[39m
